Arguments: 
  /Users/franklim/.nvm/versions/node/v16.10.0/bin/node /Users/franklim/.nvm/versions/node/v16.10.0/bin/yarn init

PATH: 
  /Users/franklim/opt/anaconda3/bin:/Users/franklim/opt/anaconda3/condabin:/Users/franklim/.nvm/versions/node/v16.10.0/bin:/opt/homebrew/bin:/opt/homebrew/sbin:/usr/local/bin:/usr/bin:/bin:/usr/sbin:/sbin:/Users/franklim/Library/Python/3.8/bin:/usr/local/go/bin:/Users/franklim/.cargo/bin:/Users/franklim/projects/contracts-cicd/node_modules/.bin:/Users/franklim/.yarn/bin

Yarn version: 
  1.22.15

Node version: 
  16.10.0

Platform: 
  darwin arm64

Trace: 
  Error: canceled
      at Interface.<anonymous> (/Users/franklim/.nvm/versions/node/v16.10.0/lib/node_modules/yarn/lib/cli.js:137145:13)
      at Interface.emit (node:events:390:28)
      at Interface._ttyWrite (node:readline:1081:16)
      at ReadStream.onkeypress (node:readline:288:10)
      at ReadStream.emit (node:events:390:28)
      at emitKeys (node:internal/readline/utils:358:14)
      at emitKeys.next (<anonymous>)
      at ReadStream.onData (node:internal/readline/emitKeypressEvents:61:36)
      at ReadStream.emit (node:events:390:28)
      at addChunk (node:internal/streams/readable:315:12)

npm manifest: 
  {
    "name": "solidity-dev-template",
    "version": "1.0.0",
    "scripts": {
      "test": "yarn hardhat test",
      "compile": "yarn hardhat clean && yarn hardhat compile",
      "coverage": "yarn hardhat coverage",
      "lint": "yarn lint:ts; yarn lint:sol",
      "lint:ts": "eslint '*/**/*.{js,ts,tsx}'",
      "lint:sol": "prettier -c 'contracts/**/*.sol'",
      "lint-fix": "yarn lint-fix:ts; yarn lint-fix:sol",
      "lint-fix:ts": "eslint '*/**/*.{js,ts,tsx}' --fix",
      "lint-fix:sol": "prettier -w 'contracts/**/*.sol'"
    },
    "keywords": [],
    "author": "",
    "license": "ISC",
    "devDependencies": {
      "@nomiclabs/hardhat-ethers": "^2.0.2",
      "@typechain/ethers-v5": "^7.0.1",
      "@typechain/hardhat": "^2.3.0",
      "@types/chai": "^4.2.21",
      "@types/mocha": "^9.0.0",
      "@types/node": "^16.4.13",
      "@typescript-eslint/eslint-plugin": "^4.29.1",
      "@typescript-eslint/parser": "^4.29.1",
      "chai": "^4.3.4",
      "dotenv": "^10.0.0",
      "eslint": "^7.32.0",
      "eslint-config-prettier": "^8.3.0",
      "eslint-plugin-prettier": "^3.4.0",
      "ethereum-waffle": "^3.4.0",
      "ethers": "^5.5.1",
      "hardhat": "^2.6.2",
      "hardhat-deploy": "^0.9.4",
      "prettier": "^2.3.2",
      "prettier-plugin-solidity": "^1.0.0-beta.17",
      "solidity-coverage": "^0.7.17",
      "ts-node": "^10.2.0",
      "typechain": "^5.1.2",
      "typescript": "^4.5.2"
    }
  }

yarn manifest: 
  No manifest

Lockfile: 
  No lockfile
